<?xml version='1.0'?>
<ns2:test-suite xmlns:ns2='urn:model.allure.qatools.yandex.ru' start='1597834467607' stop='1597834473894'>
    <name>user loads google: user loads up google and searches for Selenium</name>
    <title>user loads google: user loads up google and searches for Selenium</title>
    <test-cases>
        <test-case start='1597834467608' status='passed' stop='1597834467609'>
            <name>Hook</name>
            <title>Hook</title>
            <labels>
                <label name='language' value='javascript'/>
                <label name='framework' value='wdio'/>
                <label name='thread' value='0-1'/>
            </labels>
            <parameters>
                <parameter kind='argument' name='browser' value='Chrome-10.0.19041'/>
            </parameters>
            <steps/>
            <attachments/>
        </test-case>
        <test-case start='1597834467609' status='passed' stop='1597834467611'>
            <name>Given I have loaded Google</name>
            <title>Given I have loaded Google</title>
            <labels>
                <label name='language' value='javascript'/>
                <label name='framework' value='wdio'/>
                <label name='thread' value='0-1'/>
            </labels>
            <parameters>
                <parameter kind='argument' name='browser' value='Chrome-10.0.19041'/>
            </parameters>
            <steps/>
            <attachments/>
        </test-case>
        <test-case start='1597834467611' status='passed' stop='1597834471873'>
            <name>When I search for "selenium"</name>
            <title>When I search for "selenium"</title>
            <labels>
                <label name='language' value='javascript'/>
                <label name='framework' value='wdio'/>
                <label name='thread' value='0-1'/>
            </labels>
            <parameters>
                <parameter kind='argument' name='browser' value='Chrome-10.0.19041'/>
            </parameters>
            <steps/>
            <attachments/>
        </test-case>
        <test-case start='1597834471873' status='failed' stop='1597834473893'>
            <name>Then the first result is "Selenium: Uses, Side Effects, Interactions, Dosage, and Warning"</name>
            <title>Then the first result is "Selenium: Uses, Side Effects, Interactions, Dosage, and Warning"</title>
            <labels>
                <label name='language' value='javascript'/>
                <label name='framework' value='wdio'/>
                <label name='thread' value='0-1'/>
            </labels>
            <parameters>
                <parameter kind='argument' name='browser' value='Chrome-10.0.19041'/>
            </parameters>
            <steps/>
            <attachments/>
            <failure>
                <message>'Selenium Foods: 20 Selenium-Rich Foods for Every Diet' == 'Selenium: Uses, Side Effects, Interactions, Dosage, and Warning'</message>
                <stack-trace>AssertionError [ERR_ASSERTION]: 'Selenium Foods: 20 Selenium-Rich Foods for Every Diet' == 'Selenium: Uses, Side Effects, Interactions, Dosage, and Warning'
                    at World.&lt;anonymous> (C:\Users\marcu\Desktop\JavaScriptSeleniumFramework\Cucumber_Test\Step-Definitions\Test1Steps.js:26:16)
                    at World.executeAsync (C:\Users\marcu\Desktop\JavaScriptSeleniumFramework\node_modules\@wdio\utils\build\shim.js:123:12)
                    at World.testFrameworkFnWrapper (C:\Users\marcu\Desktop\JavaScriptSeleniumFramework\node_modules\@wdio\utils\build\test-framework\testFnWrapper.js:57:14)</stack-trace>
            </failure>
        </test-case>
        <test-case start='1597834473894' status='passed' stop='1597834473894'>
            <name>Hook</name>
            <title>Hook</title>
            <labels>
                <label name='language' value='javascript'/>
                <label name='framework' value='wdio'/>
                <label name='thread' value='0-1'/>
            </labels>
            <parameters>
                <parameter kind='argument' name='browser' value='Chrome-10.0.19041'/>
            </parameters>
            <steps/>
            <attachments/>
        </test-case>
    </test-cases>
</ns2:test-suite>