<?xml version='1.0'?>
<ns2:test-suite xmlns:ns2='urn:model.allure.qatools.yandex.ru' start='1596206744316' stop='1596206750763'>
    <name>user loads google: user loads up google and searches for Selenium</name>
    <title>user loads google: user loads up google and searches for Selenium</title>
    <test-cases>
        <test-case start='1596206744317' status='passed' stop='1596206744318'>
            <name>Hook</name>
            <title>Hook</title>
            <labels>
                <label name='language' value='javascript'/>
                <label name='framework' value='wdio'/>
                <label name='thread' value='0-1'/>
            </labels>
            <parameters>
                <parameter kind='argument' name='browser' value='Chrome-10.0.19041'/>
            </parameters>
            <steps/>
            <attachments/>
        </test-case>
        <test-case start='1596206744318' status='passed' stop='1596206744320'>
            <name>Given I have loaded Google</name>
            <title>Given I have loaded Google</title>
            <labels>
                <label name='language' value='javascript'/>
                <label name='framework' value='wdio'/>
                <label name='thread' value='0-1'/>
            </labels>
            <parameters>
                <parameter kind='argument' name='browser' value='Chrome-10.0.19041'/>
            </parameters>
            <steps/>
            <attachments/>
        </test-case>
        <test-case start='1596206744320' status='passed' stop='1596206748738'>
            <name>When I search for "selenium"</name>
            <title>When I search for "selenium"</title>
            <labels>
                <label name='language' value='javascript'/>
                <label name='framework' value='wdio'/>
                <label name='thread' value='0-1'/>
            </labels>
            <parameters>
                <parameter kind='argument' name='browser' value='Chrome-10.0.19041'/>
            </parameters>
            <steps/>
            <attachments/>
        </test-case>
        <test-case start='1596206748738' status='failed' stop='1596206750762'>
            <name>Then the first result is "The Selenium Browser Automation Project :: Documentation ..."</name>
            <title>Then the first result is "The Selenium Browser Automation Project :: Documentation ..."</title>
            <labels>
                <label name='language' value='javascript'/>
                <label name='framework' value='wdio'/>
                <label name='thread' value='0-1'/>
            </labels>
            <parameters>
                <parameter kind='argument' name='browser' value='Chrome-10.0.19041'/>
            </parameters>
            <steps/>
            <attachments/>
            <failure>
                <message>'Selenium: Uses, Side Effects, Interactions, Dosage, and Warning' == 'The Selenium Browser Automation Project :: Documentation ...'</message>
                <stack-trace>AssertionError [ERR_ASSERTION]: 'Selenium: Uses, Side Effects, Interactions, Dosage, and Warning' == 'The Selenium Browser Automation Project :: Documentation ...'
                    at World.&lt;anonymous> (C:\Users\marcu\Desktop\JavaScriptSeleniumFramework\Cucumber_Test\Step-Definitions\Test1Steps.js:25:16)
                    at World.executeAsync (C:\Users\marcu\Desktop\JavaScriptSeleniumFramework\node_modules\@wdio\utils\build\shim.js:123:12)
                    at World.testFrameworkFnWrapper (C:\Users\marcu\Desktop\JavaScriptSeleniumFramework\node_modules\@wdio\utils\build\test-framework\testFnWrapper.js:57:14)</stack-trace>
            </failure>
        </test-case>
        <test-case start='1596206750763' status='passed' stop='1596206750763'>
            <name>Hook</name>
            <title>Hook</title>
            <labels>
                <label name='language' value='javascript'/>
                <label name='framework' value='wdio'/>
                <label name='thread' value='0-1'/>
            </labels>
            <parameters>
                <parameter kind='argument' name='browser' value='Chrome-10.0.19041'/>
            </parameters>
            <steps/>
            <attachments/>
        </test-case>
    </test-cases>
</ns2:test-suite>