<?xml version='1.0'?>
<ns2:test-suite xmlns:ns2='urn:model.allure.qatools.yandex.ru' start='1597848631578' stop='1597848635192'>
    <name>user loads google: user loads up google and searches for Selenium</name>
    <title>user loads google: user loads up google and searches for Selenium</title>
    <test-cases>
        <test-case start='1597848631578' status='passed' stop='1597848631580'>
            <name>Hook</name>
            <title>Hook</title>
            <labels>
                <label name='language' value='javascript'/>
                <label name='framework' value='wdio'/>
                <label name='thread' value='0-1'/>
            </labels>
            <parameters>
                <parameter kind='argument' name='browser' value='chrome'/>
            </parameters>
            <steps/>
            <attachments/>
        </test-case>
        <test-case start='1597848631580' status='passed' stop='1597848631584'>
            <name>Given I have loaded Google</name>
            <title>Given I have loaded Google</title>
            <labels>
                <label name='language' value='javascript'/>
                <label name='framework' value='wdio'/>
                <label name='thread' value='0-1'/>
            </labels>
            <parameters>
                <parameter kind='argument' name='browser' value='chrome'/>
            </parameters>
            <steps/>
            <attachments/>
        </test-case>
        <test-case start='1597848631584' status='passed' stop='1597848633138'>
            <name>When I search for "selenium"</name>
            <title>When I search for "selenium"</title>
            <labels>
                <label name='language' value='javascript'/>
                <label name='framework' value='wdio'/>
                <label name='thread' value='0-1'/>
            </labels>
            <parameters>
                <parameter kind='argument' name='browser' value='chrome'/>
            </parameters>
            <steps/>
            <attachments/>
        </test-case>
        <test-case start='1597848633138' status='failed' stop='1597848635191'>
            <name>Then the first result is "Selenium Foods: 20 Selenium-Rich Foods for Every Diet"</name>
            <title>Then the first result is "Selenium Foods: 20 Selenium-Rich Foods for Every Diet"</title>
            <labels>
                <label name='language' value='javascript'/>
                <label name='framework' value='wdio'/>
                <label name='thread' value='0-1'/>
            </labels>
            <parameters>
                <parameter kind='argument' name='browser' value='chrome'/>
            </parameters>
            <steps/>
            <attachments/>
            <failure>
                <message>'Selenium - Health Professional Fact Sheet' == 'Selenium Foods: 20 Selenium-Rich Foods for Every Diet'</message>
                <stack-trace>AssertionError [ERR_ASSERTION]: 'Selenium - Health Professional Fact Sheet' == 'Selenium Foods: 20 Selenium-Rich Foods for Every Diet'
                    at World.&lt;anonymous> (C:\Users\marcu\Desktop\JavaScriptSeleniumFramework\Cucumber_Test\Step-Definitions\Test1Steps.js:26:16)
                    at World.executeAsync (C:\Users\marcu\Desktop\JavaScriptSeleniumFramework\node_modules\@wdio\utils\build\shim.js:123:12)
                    at World.testFrameworkFnWrapper (C:\Users\marcu\Desktop\JavaScriptSeleniumFramework\node_modules\@wdio\utils\build\test-framework\testFnWrapper.js:57:14)</stack-trace>
            </failure>
        </test-case>
        <test-case start='1597848635191' status='passed' stop='1597848635191'>
            <name>Hook</name>
            <title>Hook</title>
            <labels>
                <label name='language' value='javascript'/>
                <label name='framework' value='wdio'/>
                <label name='thread' value='0-1'/>
            </labels>
            <parameters>
                <parameter kind='argument' name='browser' value='chrome'/>
            </parameters>
            <steps/>
            <attachments/>
        </test-case>
    </test-cases>
</ns2:test-suite>